<?xml version="1.0" encoding="UTF-8"?>
<testng-results ignored="0" total="1" passed="1" failed="0" skipped="0">
  <reporter-output>
  </reporter-output>
  <suite started-at="2023-06-28T23:37:20 IST" name="Default suite" finished-at="2023-06-28T23:40:33 IST" duration-ms="193129">
    <groups>
    </groups>
    <test started-at="2023-06-28T23:37:20 IST" name="Default test" finished-at="2023-06-28T23:40:33 IST" duration-ms="193129">
      <class name="test.Alazhartest2">
        <test-method is-config="true" signature="setUp()[pri:0, instance:test.Alazhartest2@5a45133e]" started-at="2023-06-28T23:37:20 IST" name="setUp" finished-at="2023-06-28T23:39:42 IST" duration-ms="141140" status="PASS">
          <reporter-output>
          </reporter-output>
        </test-method> <!-- setUp -->
        <test-method signature="test1()[pri:0, instance:test.Alazhartest2@5a45133e]" started-at="2023-06-28T23:39:42 IST" name="test1" finished-at="2023-06-28T23:40:33 IST" duration-ms="51604" status="PASS">
          <reporter-output>
          </reporter-output>
        </test-method> <!-- test1 -->
      </class> <!-- test.Alazhartest2 -->
    </test> <!-- Default test -->
  </suite> <!-- Default suite -->
</testng-results>
